<?xml version="1.0" encoding="UTF-8"?>
<!-- Generated by org.testng.reporters.JUnitXMLReporter -->
<testsuite hostname="home-PC" ignored="0" name="Default test" tests="4" failures="0" timestamp="16 Sep 2019 03:39:23 GMT" time="9.172" errors="0">
  <testcase name="TC001" time="1.99" classname="com.Tests.LoginTest2"/>
  <testcase name="TC002" time="0.002" classname="com.Tests.LoginTest2"/>
  <testcase name="TC003" time="0.004" classname="com.Tests.LoginTest2"/>
  <testcase name="TC004" time="0.002" classname="com.Tests.LoginTest2"/>
</testsuite> <!-- Default test -->
